<?xml version="1.0" encoding="UTF-8"?>
<testng-results skipped="0" failed="0" ignored="1" total="2" passed="1">
  <reporter-output>
  </reporter-output>
  <suite name="Default suite" duration-ms="66" started-at="2020-08-18T15:34:46 IST" finished-at="2020-08-18T15:34:47 IST">
    <groups>
    </groups>
    <test name="Default test" duration-ms="66" started-at="2020-08-18T15:34:46 IST" finished-at="2020-08-18T15:34:47 IST">
      <class name="testcases.Test1">
        <test-method status="PASS" signature="test2()[pri:0, instance:testcases.Test1@2a17b7b6]" name="test2" duration-ms="11" started-at="2020-08-18T15:34:47 IST" finished-at="2020-08-18T15:34:47 IST">
          <reporter-output>
          </reporter-output>
        </test-method> <!-- test2 -->
      </class> <!-- testcases.Test1 -->
    </test> <!-- Default test -->
  </suite> <!-- Default suite -->
</testng-results>
